                      :-) GROMACS - gmx mdrun, 2021.2 (-:

                            GROMACS is written by:
     Andrey Alekseenko              Emile Apol              Rossen Apostolov     
         Paul Bauer           Herman J.C. Berendsen           Par Bjelkmar       
       Christian Blau           Viacheslav Bolnykh             Kevin Boyd        
     Aldert van Buuren           Rudi van Drunen             Anton Feenstra      
    Gilles Gouaillardet             Alan Gray               Gerrit Groenhof      
       Anca Hamuraru            Vincent Hindriksen          M. Eric Irrgang      
      Aleksei Iupinov           Christoph Junghans             Joe Jordan        
    Dimitrios Karkoulis            Peter Kasson                Jiri Kraus        
      Carsten Kutzner              Per Larsson              Justin A. Lemkul     
       Viveca Lindahl            Magnus Lundborg             Erik Marklund       
        Pascal Merz             Pieter Meulenhoff            Teemu Murtola       
        Szilard Pall               Sander Pronk              Roland Schulz       
       Michael Shirts            Alexey Shvetsov             Alfons Sijbers      
       Peter Tieleman              Jon Vincent              Teemu Virolainen     
     Christian Wennberg            Maarten Wolf              Artem Zhmurov       
                           and the project leaders:
        Mark Abraham, Berk Hess, Erik Lindahl, and David van der Spoel

Copyright (c) 1991-2000, University of Groningen, The Netherlands.
Copyright (c) 2001-2019, The GROMACS development team at
Uppsala University, Stockholm University and
the Royal Institute of Technology, Sweden.
check out http://www.gromacs.org for more information.

GROMACS is free software; you can redistribute it and/or modify it
under the terms of the GNU Lesser General Public License
as published by the Free Software Foundation; either version 2.1
of the License, or (at your option) any later version.

GROMACS:      gmx mdrun, version 2021.2
Executable:   /usr/local/gromacs/bin/gmx
Data prefix:  /usr/local/gromacs
Working dir:  /Users/ffavela/Documents/GitHub/TallerMD2021/dppc+20prcChol/Slipids/NVT
Command line:
  gmx mdrun -deffnm nvt

Reading file nvt.tpr, VERSION 2021.2 (single precision)
Changing nstlist from 5 to 100, rlist from 1.2 to 1.259

Using 8 MPI threads
starting mdrun 'DPPC+20prc_CHOL - 100 lipids & 35 H2O/lipid'
50000 steps,    100.0 ps.

Writing final coordinates.


Dynamic load balancing report:
 DLB got disabled because it was unsuitable to use.
 Average load imbalance: 4.5%.
 The balanceable part of the MD step is 51%, load imbalance is computed from this.
 Part of the total run time spent waiting due to load imbalance: 2.3%.


               Core t (s)   Wall t (s)        (%)
       Time:     7161.679      895.212      800.0
                 (ns/day)    (hour/ns)
Performance:        9.652        2.487

GROMACS reminds you: "Never attribute to malice that which can be adequately explained by stupidity." (Robert Hanlon)

