                      :-) GROMACS - gmx mdrun, 2021.2 (-:

                            GROMACS is written by:
     Andrey Alekseenko              Emile Apol              Rossen Apostolov     
         Paul Bauer           Herman J.C. Berendsen           Par Bjelkmar       
       Christian Blau           Viacheslav Bolnykh             Kevin Boyd        
     Aldert van Buuren           Rudi van Drunen             Anton Feenstra      
    Gilles Gouaillardet             Alan Gray               Gerrit Groenhof      
       Anca Hamuraru            Vincent Hindriksen          M. Eric Irrgang      
      Aleksei Iupinov           Christoph Junghans             Joe Jordan        
    Dimitrios Karkoulis            Peter Kasson                Jiri Kraus        
      Carsten Kutzner              Per Larsson              Justin A. Lemkul     
       Viveca Lindahl            Magnus Lundborg             Erik Marklund       
        Pascal Merz             Pieter Meulenhoff            Teemu Murtola       
        Szilard Pall               Sander Pronk              Roland Schulz       
       Michael Shirts            Alexey Shvetsov             Alfons Sijbers      
       Peter Tieleman              Jon Vincent              Teemu Virolainen     
     Christian Wennberg            Maarten Wolf              Artem Zhmurov       
                           and the project leaders:
        Mark Abraham, Berk Hess, Erik Lindahl, and David van der Spoel

Copyright (c) 1991-2000, University of Groningen, The Netherlands.
Copyright (c) 2001-2019, The GROMACS development team at
Uppsala University, Stockholm University and
the Royal Institute of Technology, Sweden.
check out http://www.gromacs.org for more information.

GROMACS is free software; you can redistribute it and/or modify it
under the terms of the GNU Lesser General Public License
as published by the Free Software Foundation; either version 2.1
of the License, or (at your option) any later version.

GROMACS:      gmx mdrun, version 2021.2
Executable:   /usr/local/gromacs/bin/gmx
Data prefix:  /usr/local/gromacs
Working dir:  /Users/ffavela/Documents/GitHub/TallerMD2021/dppc+20prcChol/Slipids/323k
Process ID:   74319
Command line:
  gmx mdrun -deffnm md_1ns

GROMACS version:    2021.2
Verified release checksum is d91a739522d82c53dc47c2276b9ac5fae3b2119283e84e3a1c7bed8ce741fda2
Precision:          mixed
Memory model:       64 bit
MPI library:        thread_mpi
OpenMP support:     disabled
GPU support:        disabled
SIMD instructions:  ARM_NEON_ASIMD
FFT library:        fftw-3.3.8
TNG support:        enabled
Hwloc support:      disabled
Tracing support:    disabled
C compiler:         /Library/Developer/CommandLineTools/usr/bin/cc AppleClang 12.0.5.12050022
C compiler flags:   -Wno-unknown-pragmas -Wno-missing-field-initializers -fno-stack-check -fno-stack-check -O3 -DNDEBUG
C++ compiler:       /Library/Developer/CommandLineTools/usr/bin/c++ AppleClang 12.0.5.12050022
C++ compiler flags: -Wno-unknown-pragmas -Wno-missing-field-initializers -fno-stack-check -fno-stack-check -Weverything -Wno-c++98-compat -Wno-c++98-compat-pedantic -Wno-source-uses-openmp -Wno-c++17-extensions -Wno-documentation-unknown-command -Wno-covered-switch-default -Wno-switch-enum -Wno-extra-semi-stmt -Wno-disabled-macro-expansion -Wno-cast-align -Wno-reserved-id-macro -Wno-global-constructors -Wno-exit-time-destructors -Wno-unused-macros -Wno-weak-vtables -Wno-conditional-uninitialized -Wno-format-nonliteral -Wno-shadow -Wno-cast-qual -Wno-documentation -Wno-used-but-marked-unused -Wno-padded -Wno-float-equal -Wno-old-style-cast -Wno-conversion -Wno-double-promotion -O3 -DNDEBUG


Running on 1 node with total 8 cores, 8 logical cores
Hardware detected:
  CPU info:
    Vendor: ARM
    Brand:  Unknown CPU brand
    Family: 0   Model: 0   Stepping: 0
    Features: neon neon_asimd
  Hardware topology: Only logical processor count


++++ PLEASE READ AND CITE THE FOLLOWING REFERENCE ++++
M. J. Abraham, T. Murtola, R. Schulz, S. Páll, J. C. Smith, B. Hess, E.
Lindahl
GROMACS: High performance molecular simulations through multi-level
parallelism from laptops to supercomputers
SoftwareX 1 (2015) pp. 19-25
-------- -------- --- Thank You --- -------- --------


++++ PLEASE READ AND CITE THE FOLLOWING REFERENCE ++++
S. Páll, M. J. Abraham, C. Kutzner, B. Hess, E. Lindahl
Tackling Exascale Software Challenges in Molecular Dynamics Simulations with
GROMACS
In S. Markidis & E. Laure (Eds.), Solving Software Challenges for Exascale 8759 (2015) pp. 3-27
-------- -------- --- Thank You --- -------- --------


++++ PLEASE READ AND CITE THE FOLLOWING REFERENCE ++++
S. Pronk, S. Páll, R. Schulz, P. Larsson, P. Bjelkmar, R. Apostolov, M. R.
Shirts, J. C. Smith, P. M. Kasson, D. van der Spoel, B. Hess, and E. Lindahl
GROMACS 4.5: a high-throughput and highly parallel open source molecular
simulation toolkit
Bioinformatics 29 (2013) pp. 845-54
-------- -------- --- Thank You --- -------- --------


++++ PLEASE READ AND CITE THE FOLLOWING REFERENCE ++++
B. Hess and C. Kutzner and D. van der Spoel and E. Lindahl
GROMACS 4: Algorithms for highly efficient, load-balanced, and scalable
molecular simulation
J. Chem. Theory Comput. 4 (2008) pp. 435-447
-------- -------- --- Thank You --- -------- --------


++++ PLEASE READ AND CITE THE FOLLOWING REFERENCE ++++
D. van der Spoel, E. Lindahl, B. Hess, G. Groenhof, A. E. Mark and H. J. C.
Berendsen
GROMACS: Fast, Flexible and Free
J. Comp. Chem. 26 (2005) pp. 1701-1719
-------- -------- --- Thank You --- -------- --------


++++ PLEASE READ AND CITE THE FOLLOWING REFERENCE ++++
E. Lindahl and B. Hess and D. van der Spoel
GROMACS 3.0: A package for molecular simulation and trajectory analysis
J. Mol. Mod. 7 (2001) pp. 306-317
-------- -------- --- Thank You --- -------- --------


++++ PLEASE READ AND CITE THE FOLLOWING REFERENCE ++++
H. J. C. Berendsen, D. van der Spoel and R. van Drunen
GROMACS: A message-passing parallel molecular dynamics implementation
Comp. Phys. Comm. 91 (1995) pp. 43-56
-------- -------- --- Thank You --- -------- --------


++++ PLEASE CITE THE DOI FOR THIS VERSION OF GROMACS ++++
https://doi.org/10.5281/zenodo.4723562
-------- -------- --- Thank You --- -------- --------

Input Parameters:
   integrator                     = md
   tinit                          = 0
   dt                             = 0.002
   nsteps                         = 500000
   init-step                      = 0
   simulation-part                = 1
   mts                            = false
   comm-mode                      = Linear
   nstcomm                        = 100
   bd-fric                        = 0
   ld-seed                        = -5392705
   emtol                          = 10
   emstep                         = 0.01
   niter                          = 20
   fcstep                         = 0
   nstcgsteep                     = 1000
   nbfgscorr                      = 10
   rtpi                           = 0.05
   nstxout                        = 0
   nstvout                        = 0
   nstfout                        = 0
   nstlog                         = 500
   nstcalcenergy                  = 100
   nstenergy                      = 1000
   nstxout-compressed             = 1000
   compressed-x-precision         = 1000
   cutoff-scheme                  = Verlet
   nstlist                        = 10
   pbc                            = xyz
   periodic-molecules             = false
   verlet-buffer-tolerance        = 0.005
   rlist                          = 1
   coulombtype                    = PME
   coulomb-modifier               = Potential-shift
   rcoulomb-switch                = 0
   rcoulomb                       = 1
   epsilon-r                      = 1
   epsilon-rf                     = inf
   vdw-type                       = Cut-off
   vdw-modifier                   = Potential-shift
   rvdw-switch                    = 0
   rvdw                           = 1
   DispCorr                       = EnerPres
   table-extension                = 1
   fourierspacing                 = 0.12
   fourier-nx                     = 72
   fourier-ny                     = 72
   fourier-nz                     = 80
   pme-order                      = 4
   ewald-rtol                     = 1e-05
   ewald-rtol-lj                  = 0.001
   lj-pme-comb-rule               = Geometric
   ewald-geometry                 = 0
   epsilon-surface                = 0
   tcoupl                         = V-rescale
   nsttcouple                     = 10
   nh-chain-length                = 0
   print-nose-hoover-chain-variables = false
   pcoupl                         = Parrinello-Rahman
   pcoupltype                     = Semiisotropic
   nstpcouple                     = 10
   tau-p                          = 1
   compressibility (3x3):
      compressibility[    0]={ 4.50000e-05,  0.00000e+00,  0.00000e+00}
      compressibility[    1]={ 0.00000e+00,  4.50000e-05,  0.00000e+00}
      compressibility[    2]={ 0.00000e+00,  0.00000e+00,  4.50000e-05}
   ref-p (3x3):
      ref-p[    0]={ 1.00000e+00,  0.00000e+00,  0.00000e+00}
      ref-p[    1]={ 0.00000e+00,  1.00000e+00,  0.00000e+00}
      ref-p[    2]={ 0.00000e+00,  0.00000e+00,  1.00000e+00}
   refcoord-scaling               = No
   posres-com (3):
      posres-com[0]= 0.00000e+00
      posres-com[1]= 0.00000e+00
      posres-com[2]= 0.00000e+00
   posres-comB (3):
      posres-comB[0]= 0.00000e+00
      posres-comB[1]= 0.00000e+00
      posres-comB[2]= 0.00000e+00
   QMMM                           = false
qm-opts:
   ngQM                           = 0
   constraint-algorithm           = Lincs
   continuation                   = false
   Shake-SOR                      = false
   shake-tol                      = 0.0001
   lincs-order                    = 4
   lincs-iter                     = 1
   lincs-warnangle                = 30
   nwall                          = 0
   wall-type                      = 9-3
   wall-r-linpot                  = -1
   wall-atomtype[0]               = -1
   wall-atomtype[1]               = -1
   wall-density[0]                = 0
   wall-density[1]                = 0
   wall-ewald-zfac                = 3
   pull                           = false
   awh                            = false
   rotation                       = false
   interactiveMD                  = false
   disre                          = No
   disre-weighting                = Conservative
   disre-mixed                    = false
   dr-fc                          = 1000
   dr-tau                         = 0
   nstdisreout                    = 100
   orire-fc                       = 0
   orire-tau                      = 0
   nstorireout                    = 100
   free-energy                    = no
   cos-acceleration               = 0
   deform (3x3):
      deform[    0]={ 0.00000e+00,  0.00000e+00,  0.00000e+00}
      deform[    1]={ 0.00000e+00,  0.00000e+00,  0.00000e+00}
      deform[    2]={ 0.00000e+00,  0.00000e+00,  0.00000e+00}
   simulated-tempering            = false
   swapcoords                     = no
   userint1                       = 0
   userint2                       = 0
   userint3                       = 0
   userint4                       = 0
   userreal1                      = 0
   userreal2                      = 0
   userreal3                      = 0
   userreal4                      = 0
   applied-forces:
     electric-field:
       x:
         E0                       = 0
         omega                    = 0
         t0                       = 0
         sigma                    = 0
       y:
         E0                       = 0
         omega                    = 0
         t0                       = 0
         sigma                    = 0
       z:
         E0                       = 0
         omega                    = 0
         t0                       = 0
         sigma                    = 0
     density-guided-simulation:
       active                     = false
       group                      = protein
       similarity-measure         = inner-product
       atom-spreading-weight      = unity
       force-constant             = 1e+09
       gaussian-transform-spreading-width = 0.2
       gaussian-transform-spreading-range-in-multiples-of-width = 4
       reference-density-filename = reference.mrc
       nst                        = 1
       normalize-densities        = true
       adaptive-force-scaling     = false
       adaptive-force-scaling-time-constant = 4
       shift-vector               = 
       transformation-matrix      = 
grpopts:
   nrdf:     47558.4     41998.6
   ref-t:         323         323
   tau-t:         0.5         0.5
annealing:          No          No
annealing-npoints:           0           0
   acc:	           0           0           0
   nfreeze:           N           N           N
   energygrp-flags[  0]: 0

Changing nstlist from 10 to 100, rlist from 1 to 1.084


Initializing Domain Decomposition on 8 ranks
Dynamic load balancing: auto
Minimum cell size due to atom displacement: 0.802 nm
Initial maximum distances in bonded interactions:
    two-body bonded interactions: 0.406 nm, LJ-14, atoms 19606 19615
  multi-body bonded interactions: 0.406 nm, Proper Dih., atoms 19606 19615
Minimum cell size due to bonded interactions: 0.446 nm
Maximum distance for 5 constraints, at 120 deg. angles, all-trans: 0.771 nm
Estimated maximum distance required for P-LINCS: 0.771 nm
Scaling the initial minimum size with 1/0.8 (option -dds) = 1.25
Using 0 separate PME ranks, as there are too few total
 ranks for efficient splitting
Optimizing the DD grid for 8 cells with a minimum initial size of 1.003 nm
The maximum allowed number of cells is: X 8 Y 8 Z 8
Domain decomposition grid 8 x 1 x 1, separate PME ranks 0
PME domain decomposition: 8 x 1 x 1
Domain decomposition rank 0, coordinates 0 0 0

The initial number of communication pulses is: X 2
The initial domain decomposition cell size is: X 1.01 nm

The maximum allowed distance for atoms involved in interactions is:
                 non-bonded interactions           1.084 nm
(the following are initial values, they could change due to box deformation)
            two-body bonded interactions  (-rdd)   1.084 nm
          multi-body bonded interactions  (-rdd)   1.008 nm
  atoms separated by up to 5 constraints  (-rcon)  1.008 nm

When dynamic load balancing gets turned on, these settings will change to:
The maximum number of communication pulses is: X 2
The minimum size for domain decomposition cells is 0.802 nm
The requested allowed shrink of DD cells (option -dds) is: 0.80
The allowed shrink of domain decomposition cells is: X 0.80
The maximum allowed distance for atoms involved in interactions is:
                 non-bonded interactions           1.084 nm
            two-body bonded interactions  (-rdd)   1.084 nm
          multi-body bonded interactions  (-rdd)   0.802 nm
  atoms separated by up to 5 constraints  (-rcon)  0.802 nm

Using 8 MPI threads
System total charge: 0.000
Will do PME sum in reciprocal space for electrostatic interactions.

++++ PLEASE READ AND CITE THE FOLLOWING REFERENCE ++++
U. Essmann, L. Perera, M. L. Berkowitz, T. Darden, H. Lee and L. G. Pedersen 
A smooth particle mesh Ewald method
J. Chem. Phys. 103 (1995) pp. 8577-8592
-------- -------- --- Thank You --- -------- --------

Using a Gaussian width (1/beta) of 0.320163 nm for Ewald
Potential shift: LJ r^-12: -1.000e+00 r^-6: -1.000e+00, Ewald -1.000e-05
Initialized non-bonded Ewald tables, spacing: 9.33e-04 size: 1073

Generated table with 1042 data points for 1-4 COUL.
Tabscale = 500 points/nm
Generated table with 1042 data points for 1-4 LJ6.
Tabscale = 500 points/nm
Generated table with 1042 data points for 1-4 LJ12.
Tabscale = 500 points/nm
Long Range LJ corr.: <C6> 4.0772e-04


Using SIMD 4x4 nonbonded short-range kernels

Using a dual 4x4 pair-list setup updated with dynamic pruning:
  outer list: updated every 100 steps, buffer 0.084 nm, rlist 1.084 nm
  inner list: updated every  24 steps, buffer 0.001 nm, rlist 1.001 nm
At tolerance 0.005 kJ/mol/ps per atom, equivalent classical 1x1 list would be:
  outer list: updated every 100 steps, buffer 0.245 nm, rlist 1.245 nm
  inner list: updated every  24 steps, buffer 0.088 nm, rlist 1.088 nm

Using Lorentz-Berthelot Lennard-Jones combination rule
Removing pbc first time

Initializing Parallel LINear Constraint Solver

++++ PLEASE READ AND CITE THE FOLLOWING REFERENCE ++++
B. Hess
P-LINCS: A Parallel Linear Constraint Solver for molecular simulation
J. Chem. Theory Comput. 4 (2008) pp. 116-122
-------- -------- --- Thank You --- -------- --------

The number of constraints is 23720
There are constraints between atoms in different decomposition domains,
will communicate selected coordinates each lincs iteration

++++ PLEASE READ AND CITE THE FOLLOWING REFERENCE ++++
S. Miyamoto and P. A. Kollman
SETTLE: An Analytical Version of the SHAKE and RATTLE Algorithms for Rigid
Water Models
J. Comp. Chem. 13 (1992) pp. 952-962
-------- -------- --- Thank You --- -------- --------


Linking all bonded interactions to atoms


Intra-simulation communication will occur every 10 steps.

++++ PLEASE READ AND CITE THE FOLLOWING REFERENCE ++++
G. Bussi, D. Donadio and M. Parrinello
Canonical sampling through velocity rescaling
J. Chem. Phys. 126 (2007) pp. 014101
-------- -------- --- Thank You --- -------- --------

There are: 44760 Atoms
Atom distribution over 8 domains: av 5595 stddev 120 min 5446 max 5753

Constraining the starting coordinates (step 0)

Constraining the coordinates at t0-dt (step 0)
Center of mass motion removal mode is Linear
We have the following groups for center of mass motion removal:
  0:  rest
RMS relative constraint deviation after constraining: 5.94e-06
Initial temperature: 320.901 K

Started mdrun on rank 0 Tue Jul 27 15:56:43 2021

           Step           Time
              0        0.00000

   Energies (kJ/mol)
            U-B    Proper Dih.  Improper Dih.          LJ-14     Coulomb-14
    6.18130e+04   -2.50512e+04    4.79720e+02    4.17647e+03   -1.08113e+05
        LJ (SR)  Disper. corr.   Coulomb (SR)   Coul. recip.      Potential
    1.22218e+04   -6.01310e+03   -3.57268e+05    4.44247e+03   -4.13312e+05
    Kinetic En.   Total Energy  Conserved En.    Temperature Pres. DC (bar)
    1.19406e+05   -2.93907e+05   -2.93873e+05    3.20716e+02   -1.76006e+02
 Pressure (bar)   Constr. rmsd
   -1.15351e+02    1.06755e-05


DD  step 99 load imb.: force  2.3%

DD  step 499 load imb.: force  7.2%
           Step           Time
            500        1.00000

   Energies (kJ/mol)
            U-B    Proper Dih.  Improper Dih.          LJ-14     Coulomb-14
    6.14757e+04   -2.50530e+04    4.56378e+02    4.24165e+03   -1.08040e+05
        LJ (SR)  Disper. corr.   Coulomb (SR)   Coul. recip.      Potential
    1.25475e+04   -6.12622e+03   -3.58730e+05    4.43525e+03   -4.14793e+05
    Kinetic En.   Total Energy  Conserved En.    Temperature Pres. DC (bar)
    1.19981e+05   -2.94812e+05   -2.93837e+05    3.22262e+02   -1.82680e+02
 Pressure (bar)   Constr. rmsd
   -1.17766e+02    1.13843e-05


DD  step 999 load imb.: force  4.8%
           Step           Time
           1000        2.00000

   Energies (kJ/mol)
            U-B    Proper Dih.  Improper Dih.          LJ-14     Coulomb-14
    6.21108e+04   -2.51303e+04    4.29232e+02    4.29380e+03   -1.07934e+05
        LJ (SR)  Disper. corr.   Coulomb (SR)   Coul. recip.      Potential
    1.29153e+04   -6.19277e+03   -3.60345e+05    4.35275e+03   -4.15500e+05
    Kinetic En.   Total Energy  Conserved En.    Temperature Pres. DC (bar)
    1.20517e+05   -2.94983e+05   -2.93779e+05    3.23701e+02   -1.86665e+02
 Pressure (bar)   Constr. rmsd
   -1.63320e+01    1.16276e-05


DD  step 1499 load imb.: force  7.4%
           Step           Time
           1500        3.00000

   Energies (kJ/mol)
            U-B    Proper Dih.  Improper Dih.          LJ-14     Coulomb-14
    6.17964e+04   -2.53115e+04    3.85525e+02    4.17178e+03   -1.08145e+05
        LJ (SR)  Disper. corr.   Coulomb (SR)   Coul. recip.      Potential
    1.41587e+04   -6.35505e+03   -3.61101e+05    4.41546e+03   -4.15985e+05
    Kinetic En.   Total Energy  Conserved En.    Temperature Pres. DC (bar)
    1.19934e+05   -2.96050e+05   -2.93667e+05    3.22136e+02   -1.96561e+02
 Pressure (bar)   Constr. rmsd
    1.12802e+02    1.14825e-05


DD  step 1999 load imb.: force  2.2%
           Step           Time
           2000        4.00000

   Energies (kJ/mol)
            U-B    Proper Dih.  Improper Dih.          LJ-14     Coulomb-14
    6.16580e+04   -2.53733e+04    3.72243e+02    4.08047e+03   -1.07875e+05
        LJ (SR)  Disper. corr.   Coulomb (SR)   Coul. recip.      Potential
    1.47503e+04   -6.66204e+03   -3.63987e+05    4.36862e+03   -4.18668e+05
    Kinetic En.   Total Energy  Conserved En.    Temperature Pres. DC (bar)
    1.20425e+05   -2.98243e+05   -2.93231e+05    3.23454e+02   -2.15982e+02
 Pressure (bar)   Constr. rmsd
   -4.83118e+00    1.16666e-05


DD  step 2499 load imb.: force  5.2%
           Step           Time
           2500        5.00000

   Energies (kJ/mol)
            U-B    Proper Dih.  Improper Dih.          LJ-14     Coulomb-14
    6.17116e+04   -2.51893e+04    4.06309e+02    4.06879e+03   -1.08115e+05
        LJ (SR)  Disper. corr.   Coulomb (SR)   Coul. recip.      Potential
    1.36394e+04   -7.06517e+03   -3.61221e+05    4.44683e+03   -4.17317e+05
    Kinetic En.   Total Energy  Conserved En.    Temperature Pres. DC (bar)
    1.21274e+05   -2.96043e+05   -2.92189e+05    3.25735e+02   -2.42873e+02
 Pressure (bar)   Constr. rmsd
   -1.96365e+02    1.17940e-05


DD  step 2999 load imb.: force  4.3%
           Step           Time
           3000        6.00000

   Energies (kJ/mol)
            U-B    Proper Dih.  Improper Dih.          LJ-14     Coulomb-14
    6.10286e+04   -2.46854e+04    4.45850e+02    4.14597e+03   -1.07795e+05
        LJ (SR)  Disper. corr.   Coulomb (SR)   Coul. recip.      Potential
    1.10786e+04   -7.64915e+03   -3.59966e+05    4.49625e+03   -4.18901e+05
    Kinetic En.   Total Energy  Conserved En.    Temperature Pres. DC (bar)
    1.21204e+05   -2.97697e+05   -2.89832e+05    3.25547e+02   -2.84626e+02
 Pressure (bar)   Constr. rmsd
    4.17053e+01    1.16174e-05


DD  step 3499 load imb.: force  2.0%
           Step           Time
           3500        7.00000

   Energies (kJ/mol)
            U-B    Proper Dih.  Improper Dih.          LJ-14     Coulomb-14
    6.07392e+04   -2.39186e+04    4.66238e+02    4.30793e+03   -1.07809e+05
        LJ (SR)  Disper. corr.   Coulomb (SR)   Coul. recip.      Potential
    9.52365e+03   -7.69817e+03   -3.57369e+05    4.57700e+03   -4.17181e+05
    Kinetic En.   Total Energy  Conserved En.    Temperature Pres. DC (bar)
    1.19834e+05   -2.97347e+05   -2.88626e+05    3.21866e+02   -2.88281e+02
 Pressure (bar)   Constr. rmsd
   -1.16856e+02    1.13377e-05


DD  step 3999 load imb.: force  2.6%
           Step           Time
           4000        8.00000

   Energies (kJ/mol)
            U-B    Proper Dih.  Improper Dih.          LJ-14     Coulomb-14
    6.14329e+04   -2.44673e+04    4.57101e+02    4.28173e+03   -1.08088e+05
        LJ (SR)  Disper. corr.   Coulomb (SR)   Coul. recip.      Potential
    9.50201e+03   -7.64002e+03   -3.55363e+05    4.55141e+03   -4.15333e+05
    Kinetic En.   Total Energy  Conserved En.    Temperature Pres. DC (bar)
    1.19978e+05   -2.95356e+05   -2.87165e+05    3.22253e+02   -2.83948e+02
 Pressure (bar)   Constr. rmsd
   -4.30674e+01    1.15051e-05


DD  step 4499 load imb.: force  3.7%
           Step           Time
           4500        9.00000

   Energies (kJ/mol)
            U-B    Proper Dih.  Improper Dih.          LJ-14     Coulomb-14
    6.19480e+04   -2.48049e+04    4.18753e+02    4.10715e+03   -1.07932e+05
        LJ (SR)  Disper. corr.   Coulomb (SR)   Coul. recip.      Potential
    1.09769e+04   -7.73058e+03   -3.55412e+05    4.61407e+03   -4.13814e+05
    Kinetic En.   Total Energy  Conserved En.    Temperature Pres. DC (bar)
    1.21392e+05   -2.92422e+05   -2.84758e+05    3.26051e+02   -2.90712e+02
 Pressure (bar)   Constr. rmsd
   -1.69313e+01    1.19173e-05


DD  step 4999 load imb.: force  4.1%
           Step           Time
           5000       10.00000

   Energies (kJ/mol)
            U-B    Proper Dih.  Improper Dih.          LJ-14     Coulomb-14
    6.18549e+04   -2.45192e+04    3.85580e+02    4.23893e+03   -1.08260e+05
        LJ (SR)  Disper. corr.   Coulomb (SR)   Coul. recip.      Potential
    1.09913e+04   -7.71356e+03   -3.56886e+05    4.60639e+03   -4.15302e+05
    Kinetic En.   Total Energy  Conserved En.    Temperature Pres. DC (bar)
    1.20930e+05   -2.94372e+05   -2.84255e+05    3.24812e+02   -2.89435e+02
 Pressure (bar)   Constr. rmsd
   -6.54146e+00    1.12257e-05


DD  step 5499 load imb.: force  4.6%
           Step           Time
           5500       11.00000

   Energies (kJ/mol)
            U-B    Proper Dih.  Improper Dih.          LJ-14     Coulomb-14
    6.14223e+04   -2.45327e+04    4.99825e+02    4.16217e+03   -1.07947e+05
        LJ (SR)  Disper. corr.   Coulomb (SR)   Coul. recip.      Potential
    1.13795e+04   -7.67092e+03   -3.58055e+05    4.53801e+03   -4.16204e+05
    Kinetic En.   Total Energy  Conserved En.    Temperature Pres. DC (bar)
    1.20121e+05   -2.96083e+05   -2.82941e+05    3.22637e+02   -2.86247e+02
 Pressure (bar)   Constr. rmsd
    1.46056e+02    1.13828e-05


DD  step 5999 load imb.: force  4.9%
           Step           Time
           6000       12.00000

   Energies (kJ/mol)
            U-B    Proper Dih.  Improper Dih.          LJ-14     Coulomb-14
    6.17406e+04   -2.45853e+04    3.96126e+02    4.17703e+03   -1.07990e+05
        LJ (SR)  Disper. corr.   Coulomb (SR)   Coul. recip.      Potential
    9.77881e+03   -7.69510e+03   -3.55336e+05    4.57542e+03   -4.14939e+05
    Kinetic En.   Total Energy  Conserved En.    Temperature Pres. DC (bar)
    1.19849e+05   -2.95090e+05   -2.82441e+05    3.21907e+02   -2.88052e+02
 Pressure (bar)   Constr. rmsd
   -1.96106e-01    1.15514e-05


DD  step 6499 load imb.: force  4.5%
           Step           Time
           6500       13.00000

   Energies (kJ/mol)
            U-B    Proper Dih.  Improper Dih.          LJ-14     Coulomb-14
    6.23821e+04   -2.46863e+04    4.15944e+02    4.10316e+03   -1.07980e+05
        LJ (SR)  Disper. corr.   Coulomb (SR)   Coul. recip.      Potential
    1.07045e+04   -7.75539e+03   -3.57243e+05    4.61147e+03   -4.15447e+05
    Kinetic En.   Total Energy  Conserved En.    Temperature Pres. DC (bar)
    1.21546e+05   -2.93902e+05   -2.81943e+05    3.26464e+02   -2.92578e+02
 Pressure (bar)   Constr. rmsd
   -1.38672e+02    1.16335e-05


DD  step 6999 load imb.: force  3.9%
           Step           Time
           7000       14.00000

   Energies (kJ/mol)
            U-B    Proper Dih.  Improper Dih.          LJ-14     Coulomb-14
    6.16533e+04   -2.45750e+04    3.93173e+02    4.07922e+03   -1.08182e+05
        LJ (SR)  Disper. corr.   Coulomb (SR)   Coul. recip.      Potential
    1.14151e+04   -7.72795e+03   -3.58605e+05    4.38097e+03   -4.17168e+05
    Kinetic En.   Total Energy  Conserved En.    Temperature Pres. DC (bar)
    1.20507e+05   -2.96661e+05   -2.80998e+05    3.23675e+02   -2.90514e+02
 Pressure (bar)   Constr. rmsd
    7.88889e+01    1.14678e-05


DD  step 7499 load imb.: force  2.3%
           Step           Time
           7500       15.00000

   Energies (kJ/mol)
            U-B    Proper Dih.  Improper Dih.          LJ-14     Coulomb-14
    6.19692e+04   -2.49670e+04    4.41180e+02    4.27401e+03   -1.08092e+05
        LJ (SR)  Disper. corr.   Coulomb (SR)   Coul. recip.      Potential
    1.09341e+04   -7.76170e+03   -3.58397e+05    4.64557e+03   -4.16954e+05
    Kinetic En.   Total Energy  Conserved En.    Temperature Pres. DC (bar)
    1.20325e+05   -2.96629e+05   -2.79596e+05    3.23185e+02   -2.93054e+02
 Pressure (bar)   Constr. rmsd
    3.87956e+02    1.10061e-05


DD  step 7999 load imb.: force  3.9%
           Step           Time
           8000       16.00000

   Energies (kJ/mol)
            U-B    Proper Dih.  Improper Dih.          LJ-14     Coulomb-14
    6.17753e+04   -2.48944e+04    4.72297e+02    4.09983e+03   -1.08055e+05
        LJ (SR)  Disper. corr.   Coulomb (SR)   Coul. recip.      Potential
    1.02614e+04   -7.76099e+03   -3.57398e+05    4.59915e+03   -4.16900e+05
    Kinetic En.   Total Energy  Conserved En.    Temperature Pres. DC (bar)
    1.19546e+05   -2.97354e+05   -2.78538e+05    3.21094e+02   -2.93001e+02
 Pressure (bar)   Constr. rmsd
    9.25201e+01    1.10360e-05


DD  step 8499 load imb.: force  3.5%
           Step           Time
           8500       17.00000

   Energies (kJ/mol)
            U-B    Proper Dih.  Improper Dih.          LJ-14     Coulomb-14
    6.17676e+04   -2.44118e+04    4.55923e+02    4.19786e+03   -1.08093e+05
        LJ (SR)  Disper. corr.   Coulomb (SR)   Coul. recip.      Potential
    1.04539e+04   -7.64567e+03   -3.57001e+05    4.46736e+03   -4.15808e+05
    Kinetic En.   Total Energy  Conserved En.    Temperature Pres. DC (bar)
    1.21280e+05   -2.94528e+05   -2.77382e+05    3.25752e+02   -2.84368e+02
 Pressure (bar)   Constr. rmsd
   -2.17397e+02    1.19584e-05


DD  step 8999 load imb.: force  6.1%
           Step           Time
           9000       18.00000

   Energies (kJ/mol)
            U-B    Proper Dih.  Improper Dih.          LJ-14     Coulomb-14
    6.18441e+04   -2.46670e+04    5.19967e+02    4.19677e+03   -1.07930e+05
        LJ (SR)  Disper. corr.   Coulomb (SR)   Coul. recip.      Potential
    1.09011e+04   -7.75120e+03   -3.57952e+05    4.47644e+03   -4.16362e+05
    Kinetic En.   Total Energy  Conserved En.    Temperature Pres. DC (bar)
    1.21004e+05   -2.95358e+05   -2.75173e+05    3.25009e+02   -2.92263e+02
 Pressure (bar)   Constr. rmsd
    3.06385e+01    1.20241e-05


DD  step 9499 load imb.: force  5.9%
           Step           Time
           9500       19.00000

   Energies (kJ/mol)
            U-B    Proper Dih.  Improper Dih.          LJ-14     Coulomb-14
    6.23823e+04   -2.44770e+04    4.59737e+02    4.29753e+03   -1.07995e+05
        LJ (SR)  Disper. corr.   Coulomb (SR)   Coul. recip.      Potential
    1.11053e+04   -7.73033e+03   -3.58014e+05    4.45671e+03   -4.15515e+05
    Kinetic En.   Total Energy  Conserved En.    Temperature Pres. DC (bar)
    1.22266e+05   -2.93249e+05   -2.74438e+05    3.28398e+02   -2.90693e+02
 Pressure (bar)   Constr. rmsd
    1.36480e+02    1.11157e-05


DD  step 9999 load imb.: force  6.0%
           Step           Time
          10000       20.00000

   Energies (kJ/mol)
            U-B    Proper Dih.  Improper Dih.          LJ-14     Coulomb-14
    6.25091e+04   -2.45478e+04    4.42199e+02    4.19354e+03   -1.08035e+05
        LJ (SR)  Disper. corr.   Coulomb (SR)   Coul. recip.      Potential
    1.00794e+04   -7.66429e+03   -3.56300e+05    4.61433e+03   -4.14708e+05
    Kinetic En.   Total Energy  Conserved En.    Temperature Pres. DC (bar)
    1.20675e+05   -2.94034e+05   -2.72263e+05    3.24125e+02   -2.85753e+02
 Pressure (bar)   Constr. rmsd
   -5.62372e+01    1.12621e-05


DD  step 10499 load imb.: force  4.3%
           Step           Time
          10500       21.00000

   Energies (kJ/mol)
            U-B    Proper Dih.  Improper Dih.          LJ-14     Coulomb-14
    6.24566e+04   -2.46608e+04    4.48896e+02    4.12974e+03   -1.07946e+05
        LJ (SR)  Disper. corr.   Coulomb (SR)   Coul. recip.      Potential
    9.86009e+03   -7.75217e+03   -3.55687e+05    4.65615e+03   -4.14494e+05
    Kinetic En.   Total Energy  Conserved En.    Temperature Pres. DC (bar)
    1.21325e+05   -2.93169e+05   -2.70580e+05    3.25872e+02   -2.92336e+02
 Pressure (bar)   Constr. rmsd
   -4.01604e+02    1.17011e-05


DD  step 10999 load imb.: force  4.3%
           Step           Time
          11000       22.00000

   Energies (kJ/mol)
            U-B    Proper Dih.  Improper Dih.          LJ-14     Coulomb-14
    6.17644e+04   -2.45462e+04    3.92777e+02    4.14689e+03   -1.07891e+05
        LJ (SR)  Disper. corr.   Coulomb (SR)   Coul. recip.      Potential
    1.05703e+04   -7.75063e+03   -3.58135e+05    4.45177e+03   -4.16996e+05
    Kinetic En.   Total Energy  Conserved En.    Temperature Pres. DC (bar)
    1.21395e+05   -2.95601e+05   -2.69981e+05    3.26059e+02   -2.92219e+02
 Pressure (bar)   Constr. rmsd
   -2.52586e+02    1.15185e-05


DD  step 11499 load imb.: force  4.6%
           Step           Time
          11500       23.00000

   Energies (kJ/mol)
            U-B    Proper Dih.  Improper Dih.          LJ-14     Coulomb-14
    6.22157e+04   -2.44773e+04    4.10820e+02    4.23922e+03   -1.07802e+05
        LJ (SR)  Disper. corr.   Coulomb (SR)   Coul. recip.      Potential
    1.06686e+04   -7.68708e+03   -3.55872e+05    4.59770e+03   -4.13706e+05
    Kinetic En.   Total Energy  Conserved En.    Temperature Pres. DC (bar)
    1.21421e+05   -2.92286e+05   -2.68266e+05    3.26129e+02   -2.87453e+02
 Pressure (bar)   Constr. rmsd
    1.70270e+02    1.18275e-05


DD  step 11999 load imb.: force  6.1%
           Step           Time
          12000       24.00000

   Energies (kJ/mol)
            U-B    Proper Dih.  Improper Dih.          LJ-14     Coulomb-14
    6.15343e+04   -2.46357e+04    4.25468e+02    4.19114e+03   -1.08104e+05
        LJ (SR)  Disper. corr.   Coulomb (SR)   Coul. recip.      Potential
    9.68843e+03   -7.75794e+03   -3.56853e+05    4.59988e+03   -4.16911e+05
    Kinetic En.   Total Energy  Conserved En.    Temperature Pres. DC (bar)
    1.21939e+05   -2.94972e+05   -2.67119e+05    3.27522e+02   -2.92770e+02
 Pressure (bar)   Constr. rmsd
    1.97319e+02    1.10280e-05


DD  step 12499 load imb.: force  3.9%
           Step           Time
          12500       25.00000

   Energies (kJ/mol)
            U-B    Proper Dih.  Improper Dih.          LJ-14     Coulomb-14
    6.25869e+04   -2.46704e+04    4.65768e+02    4.19389e+03   -1.08016e+05
        LJ (SR)  Disper. corr.   Coulomb (SR)   Coul. recip.      Potential
    1.07377e+04   -7.76495e+03   -3.56694e+05    4.48145e+03   -4.14680e+05
    Kinetic En.   Total Energy  Conserved En.    Temperature Pres. DC (bar)
    1.21693e+05   -2.92987e+05   -2.65928e+05    3.26860e+02   -2.93299e+02
 Pressure (bar)   Constr. rmsd
   -3.34929e+01    1.19796e-05


DD  step 12999 load imb.: force  3.0%
           Step           Time
          13000       26.00000

   Energies (kJ/mol)
            U-B    Proper Dih.  Improper Dih.          LJ-14     Coulomb-14
    6.19891e+04   -2.46245e+04    4.46792e+02    4.24715e+03   -1.08133e+05
        LJ (SR)  Disper. corr.   Coulomb (SR)   Coul. recip.      Potential
    9.83071e+03   -7.66542e+03   -3.55007e+05    4.48383e+03   -4.14433e+05
    Kinetic En.   Total Energy  Conserved En.    Temperature Pres. DC (bar)
    1.20521e+05   -2.93912e+05   -2.63464e+05    3.23711e+02   -2.85837e+02
 Pressure (bar)   Constr. rmsd
   -7.61959e+01    1.12730e-05


DD  step 13499 load imb.: force  3.5%
           Step           Time
          13500       27.00000

   Energies (kJ/mol)
            U-B    Proper Dih.  Improper Dih.          LJ-14     Coulomb-14
    6.25469e+04   -2.49093e+04    4.68419e+02    4.11275e+03   -1.08028e+05
        LJ (SR)  Disper. corr.   Coulomb (SR)   Coul. recip.      Potential
    1.05302e+04   -7.73588e+03   -3.56967e+05    4.56134e+03   -4.15420e+05
    Kinetic En.   Total Energy  Conserved En.    Temperature Pres. DC (bar)
    1.20435e+05   -2.94985e+05   -2.62314e+05    3.23481e+02   -2.91110e+02
 Pressure (bar)   Constr. rmsd
   -2.18072e+02    1.16972e-05


DD  step 13999 load imb.: force  4.3%
           Step           Time
          14000       28.00000

   Energies (kJ/mol)
            U-B    Proper Dih.  Improper Dih.          LJ-14     Coulomb-14
    6.21121e+04   -2.45916e+04    4.20003e+02    4.15526e+03   -1.07940e+05
        LJ (SR)  Disper. corr.   Coulomb (SR)   Coul. recip.      Potential
    1.10295e+04   -7.77656e+03   -3.57457e+05    4.56078e+03   -4.15487e+05
    Kinetic En.   Total Energy  Conserved En.    Temperature Pres. DC (bar)
    1.21233e+05   -2.94254e+05   -2.60460e+05    3.25624e+02   -2.94176e+02
 Pressure (bar)   Constr. rmsd
   -1.09944e+02    1.20985e-05


DD  step 14499 load imb.: force  5.4%
           Step           Time
          14500       29.00000

   Energies (kJ/mol)
            U-B    Proper Dih.  Improper Dih.          LJ-14     Coulomb-14
    6.17837e+04   -2.46272e+04    4.08280e+02    4.17752e+03   -1.07911e+05
        LJ (SR)  Disper. corr.   Coulomb (SR)   Coul. recip.      Potential
    1.04497e+04   -7.75532e+03   -3.57536e+05    4.57498e+03   -4.16436e+05
    Kinetic En.   Total Energy  Conserved En.    Temperature Pres. DC (bar)
    1.21154e+05   -2.95282e+05   -2.57267e+05    3.25413e+02   -2.92572e+02
 Pressure (bar)   Constr. rmsd
    5.65574e+01    1.15945e-05


DD  step 14999 load imb.: force  2.5%
           Step           Time
          15000       30.00000

   Energies (kJ/mol)
            U-B    Proper Dih.  Improper Dih.          LJ-14     Coulomb-14
    6.19520e+04   -2.48979e+04    4.54926e+02    4.14628e+03   -1.08309e+05
        LJ (SR)  Disper. corr.   Coulomb (SR)   Coul. recip.      Potential
    1.08480e+04   -7.71770e+03   -3.58256e+05    4.51621e+03   -4.17264e+05
    Kinetic En.   Total Energy  Conserved En.    Temperature Pres. DC (bar)
    1.21157e+05   -2.96106e+05   -2.55914e+05    3.25421e+02   -2.89744e+02
 Pressure (bar)   Constr. rmsd
    2.13297e+01    1.13017e-05


DD  step 15499 load imb.: force  2.8%
           Step           Time
          15500       31.00000

   Energies (kJ/mol)
            U-B    Proper Dih.  Improper Dih.          LJ-14     Coulomb-14
    6.20968e+04   -2.46091e+04    3.92506e+02    4.14059e+03   -1.08034e+05
        LJ (SR)  Disper. corr.   Coulomb (SR)   Coul. recip.      Potential
    1.14536e+04   -7.73477e+03   -3.57231e+05    4.55535e+03   -4.14969e+05
    Kinetic En.   Total Energy  Conserved En.    Temperature Pres. DC (bar)
    1.21541e+05   -2.93428e+05   -2.52855e+05    3.26452e+02   -2.91026e+02
 Pressure (bar)   Constr. rmsd
    3.11576e+01    1.14991e-05


DD  step 15999 load imb.: force  4.5%
           Step           Time
          16000       32.00000

   Energies (kJ/mol)
            U-B    Proper Dih.  Improper Dih.          LJ-14     Coulomb-14
    6.26324e+04   -2.43251e+04    4.12978e+02    4.12692e+03   -1.07877e+05
        LJ (SR)  Disper. corr.   Coulomb (SR)   Coul. recip.      Potential
    9.24940e+03   -7.74700e+03   -3.55425e+05    4.38477e+03   -4.14567e+05
    Kinetic En.   Total Energy  Conserved En.    Temperature Pres. DC (bar)
    1.22430e+05   -2.92137e+05   -2.49372e+05    3.28840e+02   -2.91946e+02
 Pressure (bar)   Constr. rmsd
   -7.37778e+01    1.14678e-05


DD  step 16499 load imb.: force  4.8%
           Step           Time
          16500       33.00000

   Energies (kJ/mol)
            U-B    Proper Dih.  Improper Dih.          LJ-14     Coulomb-14
    6.15363e+04   -2.48042e+04    4.86515e+02    4.28939e+03   -1.08138e+05
        LJ (SR)  Disper. corr.   Coulomb (SR)   Coul. recip.      Potential
    1.15370e+04   -7.59743e+03   -3.56478e+05    4.60885e+03   -4.14559e+05
    Kinetic En.   Total Energy  Conserved En.    Temperature Pres. DC (bar)
    1.20617e+05   -2.93942e+05   -2.48059e+05    3.23970e+02   -2.80795e+02
 Pressure (bar)   Constr. rmsd
    1.84292e+02    1.16330e-05


DD  step 16999 load imb.: force  2.9%
           Step           Time
          17000       34.00000

   Energies (kJ/mol)
            U-B    Proper Dih.  Improper Dih.          LJ-14     Coulomb-14
    6.10398e+04   -2.44782e+04    4.41186e+02    4.24388e+03   -1.08201e+05
        LJ (SR)  Disper. corr.   Coulomb (SR)   Coul. recip.      Potential
    1.27933e+04   -7.71822e+03   -3.57471e+05    4.64067e+03   -4.14710e+05
    Kinetic En.   Total Energy  Conserved En.    Temperature Pres. DC (bar)
    1.21652e+05   -2.93057e+05   -2.43271e+05    3.26751e+02   -2.89783e+02
 Pressure (bar)   Constr. rmsd
    2.18796e+02    1.18252e-05


DD  step 17499 load imb.: force  2.7%
           Step           Time
          17500       35.00000

   Energies (kJ/mol)
            U-B    Proper Dih.  Improper Dih.          LJ-14     Coulomb-14
    6.15887e+04   -2.45233e+04    4.26919e+02    4.27398e+03   -1.08069e+05
        LJ (SR)  Disper. corr.   Coulomb (SR)   Coul. recip.      Potential
    1.10790e+04   -7.74417e+03   -3.56903e+05    4.63329e+03   -4.15238e+05
    Kinetic En.   Total Energy  Conserved En.    Temperature Pres. DC (bar)
    1.21398e+05   -2.93840e+05   -2.41046e+05    3.26068e+02   -2.91733e+02
 Pressure (bar)   Constr. rmsd
   -2.66971e+01    1.12289e-05


DD  step 17999 load imb.: force  3.1%
           Step           Time
          18000       36.00000

   Energies (kJ/mol)
            U-B    Proper Dih.  Improper Dih.          LJ-14     Coulomb-14
    6.19411e+04   -2.42600e+04    3.92159e+02    4.12481e+03   -1.07807e+05
        LJ (SR)  Disper. corr.   Coulomb (SR)   Coul. recip.      Potential
    9.12278e+03   -7.47980e+03   -3.51745e+05    4.57889e+03   -4.11132e+05
    Kinetic En.   Total Energy  Conserved En.    Temperature Pres. DC (bar)
    1.21191e+05   -2.89941e+05   -2.36035e+05    3.25512e+02   -2.72178e+02
 Pressure (bar)   Constr. rmsd
   -1.93927e+02    1.12769e-05


DD  step 18499 load imb.: force  2.1%
           Step           Time
          18500       37.00000

   Energies (kJ/mol)
            U-B    Proper Dih.  Improper Dih.          LJ-14     Coulomb-14
    6.26293e+04   -2.45216e+04    4.39293e+02    4.24014e+03   -1.08256e+05
        LJ (SR)  Disper. corr.   Coulomb (SR)   Coul. recip.      Potential
    1.09338e+04   -7.62324e+03   -3.53850e+05    4.64391e+03   -4.11364e+05
    Kinetic En.   Total Energy  Conserved En.    Temperature Pres. DC (bar)
    1.22501e+05   -2.88864e+05   -2.33800e+05    3.29030e+02   -2.82704e+02
 Pressure (bar)   Constr. rmsd
    2.61272e+02    1.12190e-05


DD  step 18999 load imb.: force  2.6%
           Step           Time
          19000       38.00000

   Energies (kJ/mol)
            U-B    Proper Dih.  Improper Dih.          LJ-14     Coulomb-14
    6.16018e+04   -2.45113e+04    3.83264e+02    4.25363e+03   -1.08123e+05
        LJ (SR)  Disper. corr.   Coulomb (SR)   Coul. recip.      Potential
    1.03345e+04   -7.64689e+03   -3.53126e+05    4.64150e+03   -4.12193e+05
    Kinetic En.   Total Energy  Conserved En.    Temperature Pres. DC (bar)
    1.22419e+05   -2.89774e+05   -2.31262e+05    3.28810e+02   -2.84458e+02
 Pressure (bar)   Constr. rmsd
   -2.76065e+02    1.12188e-05


DD  step 19499 load imb.: force  2.7%
           Step           Time
          19500       39.00000

   Energies (kJ/mol)
            U-B    Proper Dih.  Improper Dih.          LJ-14     Coulomb-14
    6.17838e+04   -2.44025e+04    4.41082e+02    4.19826e+03   -1.08297e+05
        LJ (SR)  Disper. corr.   Coulomb (SR)   Coul. recip.      Potential
    9.89354e+03   -7.66556e+03   -3.53136e+05    4.51096e+03   -4.12674e+05
    Kinetic En.   Total Energy  Conserved En.    Temperature Pres. DC (bar)
    1.21385e+05   -2.91289e+05   -2.27438e+05    3.26032e+02   -2.85848e+02
 Pressure (bar)   Constr. rmsd
    8.54765e+00    1.15395e-05


DD  step 19999 load imb.: force  3.5%
           Step           Time
          20000       40.00000

   Energies (kJ/mol)
            U-B    Proper Dih.  Improper Dih.          LJ-14     Coulomb-14
    6.17140e+04   -2.44391e+04    4.55989e+02    4.19814e+03   -1.08130e+05
        LJ (SR)  Disper. corr.   Coulomb (SR)   Coul. recip.      Potential
    1.18580e+04   -7.56595e+03   -3.55936e+05    4.69374e+03   -4.13151e+05
    Kinetic En.   Total Energy  Conserved En.    Temperature Pres. DC (bar)
    1.20497e+05   -2.92654e+05   -2.26365e+05    3.23647e+02   -2.78476e+02
 Pressure (bar)   Constr. rmsd
   -6.93448e+01    1.22226e-05


DD  step 20499 load imb.: force  3.2%
           Step           Time
          20500       41.00000

   Energies (kJ/mol)
            U-B    Proper Dih.  Improper Dih.          LJ-14     Coulomb-14
    6.17221e+04   -2.44071e+04    4.66401e+02    4.19925e+03   -1.08042e+05
        LJ (SR)  Disper. corr.   Coulomb (SR)   Coul. recip.      Potential
    9.93445e+03   -7.64872e+03   -3.53072e+05    4.57160e+03   -4.12276e+05
    Kinetic En.   Total Energy  Conserved En.    Temperature Pres. DC (bar)
    1.21073e+05   -2.91203e+05   -2.22687e+05    3.25195e+02   -2.84594e+02
 Pressure (bar)   Constr. rmsd
   -2.30264e+02    1.18399e-05


DD  step 20999 load imb.: force  3.6%
           Step           Time
          21000       42.00000

   Energies (kJ/mol)
            U-B    Proper Dih.  Improper Dih.          LJ-14     Coulomb-14
    6.21156e+04   -2.44659e+04    4.57995e+02    4.14998e+03   -1.08080e+05
        LJ (SR)  Disper. corr.   Coulomb (SR)   Coul. recip.      Potential
    1.05938e+04   -7.69924e+03   -3.55005e+05    4.56109e+03   -4.13372e+05
    Kinetic En.   Total Energy  Conserved En.    Temperature Pres. DC (bar)
    1.22561e+05   -2.90811e+05   -2.20938e+05    3.29191e+02   -2.88362e+02
 Pressure (bar)   Constr. rmsd
   -2.02865e+02    1.15532e-05


DD  step 21499 load imb.: force  2.5%
           Step           Time
          21500       43.00000

   Energies (kJ/mol)
            U-B    Proper Dih.  Improper Dih.          LJ-14     Coulomb-14
    6.17052e+04   -2.45227e+04    4.44326e+02    4.17711e+03   -1.07746e+05
        LJ (SR)  Disper. corr.   Coulomb (SR)   Coul. recip.      Potential
    1.07610e+04   -7.57147e+03   -3.55839e+05    4.54604e+03   -4.14045e+05
    Kinetic En.   Total Energy  Conserved En.    Temperature Pres. DC (bar)
    1.20413e+05   -2.93632e+05   -2.18545e+05    3.23422e+02   -2.78882e+02
 Pressure (bar)   Constr. rmsd
   -1.74565e+02    1.12460e-05


DD  step 21999 load imb.: force  4.6%
           Step           Time
          22000       44.00000

   Energies (kJ/mol)
            U-B    Proper Dih.  Improper Dih.          LJ-14     Coulomb-14
    6.20858e+04   -2.45150e+04    4.09969e+02    4.13821e+03   -1.07918e+05
        LJ (SR)  Disper. corr.   Coulomb (SR)   Coul. recip.      Potential
    1.15383e+04   -7.66938e+03   -3.56739e+05    4.52362e+03   -4.14146e+05
    Kinetic En.   Total Energy  Conserved En.    Temperature Pres. DC (bar)
    1.20811e+05   -2.93334e+05   -2.16288e+05    3.24492e+02   -2.86132e+02
 Pressure (bar)   Constr. rmsd
   -5.37038e+01    1.16855e-05


DD  step 22499 load imb.: force  4.1%
           Step           Time
          22500       45.00000

   Energies (kJ/mol)
            U-B    Proper Dih.  Improper Dih.          LJ-14     Coulomb-14
    6.19244e+04   -2.45848e+04    4.04654e+02    4.12424e+03   -1.07988e+05
        LJ (SR)  Disper. corr.   Coulomb (SR)   Coul. recip.      Potential
    1.13299e+04   -7.70595e+03   -3.56368e+05    4.50036e+03   -4.14364e+05
    Kinetic En.   Total Energy  Conserved En.    Temperature Pres. DC (bar)
    1.20504e+05   -2.93859e+05   -2.15194e+05    3.23668e+02   -2.88864e+02
 Pressure (bar)   Constr. rmsd
    1.93016e+02    1.10020e-05


DD  step 22999 load imb.: force  4.3%
           Step           Time
          23000       46.00000

   Energies (kJ/mol)
            U-B    Proper Dih.  Improper Dih.          LJ-14     Coulomb-14
    6.18974e+04   -2.42828e+04    4.28690e+02    4.19791e+03   -1.07991e+05
        LJ (SR)  Disper. corr.   Coulomb (SR)   Coul. recip.      Potential
    1.13695e+04   -7.67372e+03   -3.56529e+05    4.66151e+03   -4.13921e+05
    Kinetic En.   Total Energy  Conserved En.    Temperature Pres. DC (bar)
    1.21174e+05   -2.92747e+05   -2.12903e+05    3.25467e+02   -2.86456e+02
 Pressure (bar)   Constr. rmsd
    2.66295e+01    1.14564e-05


DD  step 23499 load imb.: force  1.9%
           Step           Time
          23500       47.00000

   Energies (kJ/mol)
            U-B    Proper Dih.  Improper Dih.          LJ-14     Coulomb-14
    6.17106e+04   -2.44980e+04    4.34918e+02    4.19873e+03   -1.08173e+05
        LJ (SR)  Disper. corr.   Coulomb (SR)   Coul. recip.      Potential
    1.09621e+04   -7.64216e+03   -3.56078e+05    4.47469e+03   -4.14610e+05
    Kinetic En.   Total Energy  Conserved En.    Temperature Pres. DC (bar)
    1.20431e+05   -2.94179e+05   -2.12343e+05    3.23470e+02   -2.84107e+02
 Pressure (bar)   Constr. rmsd
   -1.17557e+02    1.16565e-05


DD  step 23999 load imb.: force  3.5%
           Step           Time
          24000       48.00000

   Energies (kJ/mol)
            U-B    Proper Dih.  Improper Dih.          LJ-14     Coulomb-14
    6.15123e+04   -2.44874e+04    4.51068e+02    4.19234e+03   -1.08245e+05
        LJ (SR)  Disper. corr.   Coulomb (SR)   Coul. recip.      Potential
    1.20073e+04   -7.71915e+03   -3.58063e+05    4.53023e+03   -4.15822e+05
    Kinetic En.   Total Energy  Conserved En.    Temperature Pres. DC (bar)
    1.22204e+05   -2.93617e+05   -2.10798e+05    3.28233e+02   -2.89853e+02
 Pressure (bar)   Constr. rmsd
    1.94223e+02    1.14327e-05


DD  step 24499 load imb.: force  5.4%
           Step           Time
          24500       49.00000

   Energies (kJ/mol)
            U-B    Proper Dih.  Improper Dih.          LJ-14     Coulomb-14
    6.19945e+04   -2.47914e+04    5.22162e+02    4.25805e+03   -1.08262e+05
        LJ (SR)  Disper. corr.   Coulomb (SR)   Coul. recip.      Potential
    1.14384e+04   -7.77437e+03   -3.58137e+05    4.44749e+03   -4.16304e+05
    Kinetic En.   Total Energy  Conserved En.    Temperature Pres. DC (bar)
    1.20808e+05   -2.95496e+05   -2.10464e+05    3.24482e+02   -2.94010e+02
 Pressure (bar)   Constr. rmsd
    2.78027e+02    1.12561e-05


DD  step 24999 load imb.: force  1.9%
           Step           Time
          25000       50.00000

   Energies (kJ/mol)
            U-B    Proper Dih.  Improper Dih.          LJ-14     Coulomb-14
    6.26619e+04   -2.47648e+04    4.44456e+02    4.16266e+03   -1.08153e+05
        LJ (SR)  Disper. corr.   Coulomb (SR)   Coul. recip.      Potential
    9.66321e+03   -7.73047e+03   -3.56088e+05    4.48715e+03   -4.15317e+05
    Kinetic En.   Total Energy  Conserved En.    Temperature Pres. DC (bar)
    1.19809e+05   -2.95508e+05   -2.09704e+05    3.21800e+02   -2.90703e+02
 Pressure (bar)   Constr. rmsd
    4.33409e+01    1.10111e-05


DD  step 25499 load imb.: force  6.4%
           Step           Time
          25500       51.00000

   Energies (kJ/mol)
            U-B    Proper Dih.  Improper Dih.          LJ-14     Coulomb-14
    6.18276e+04   -2.47757e+04    4.52234e+02    4.23579e+03   -1.07861e+05
        LJ (SR)  Disper. corr.   Coulomb (SR)   Coul. recip.      Potential
    1.19840e+04   -7.75689e+03   -3.59137e+05    4.43358e+03   -4.16598e+05
    Kinetic En.   Total Energy  Conserved En.    Temperature Pres. DC (bar)
    1.20866e+05   -2.95732e+05   -2.08898e+05    3.24640e+02   -2.92691e+02
 Pressure (bar)   Constr. rmsd
    1.18062e+01    1.16766e-05


DD  step 25999 load imb.: force  4.0%
           Step           Time
          26000       52.00000

   Energies (kJ/mol)
            U-B    Proper Dih.  Improper Dih.          LJ-14     Coulomb-14
    6.19586e+04   -2.47611e+04    4.34645e+02    4.23447e+03   -1.08173e+05
        LJ (SR)  Disper. corr.   Coulomb (SR)   Coul. recip.      Potential
    1.10399e+04   -7.82484e+03   -3.57962e+05    4.34169e+03   -4.16711e+05
    Kinetic En.   Total Energy  Conserved En.    Temperature Pres. DC (bar)
    1.20768e+05   -2.95944e+05   -2.08318e+05    3.24375e+02   -2.97836e+02
 Pressure (bar)   Constr. rmsd
    2.12584e+02    1.12382e-05


DD  step 26499 load imb.: force  3.0%
           Step           Time
          26500       53.00000

   Energies (kJ/mol)
            U-B    Proper Dih.  Improper Dih.          LJ-14     Coulomb-14
    6.20992e+04   -2.48238e+04    4.09605e+02    4.03375e+03   -1.08103e+05
        LJ (SR)  Disper. corr.   Coulomb (SR)   Coul. recip.      Potential
    1.04493e+04   -7.75773e+03   -3.58013e+05    4.49047e+03   -4.17215e+05
    Kinetic En.   Total Energy  Conserved En.    Temperature Pres. DC (bar)
    1.21053e+05   -2.96162e+05   -2.07442e+05    3.25140e+02   -2.92754e+02
 Pressure (bar)   Constr. rmsd
    1.65074e+02    1.15334e-05


DD  step 26999 load imb.: force  4.2%
           Step           Time
          27000       54.00000

   Energies (kJ/mol)
            U-B    Proper Dih.  Improper Dih.          LJ-14     Coulomb-14
    6.23280e+04   -2.51279e+04    4.62849e+02    4.20805e+03   -1.08157e+05
        LJ (SR)  Disper. corr.   Coulomb (SR)   Coul. recip.      Potential
    9.88967e+03   -7.77419e+03   -3.57135e+05    4.55659e+03   -4.16750e+05
    Kinetic En.   Total Energy  Conserved En.    Temperature Pres. DC (bar)
    1.19904e+05   -2.96846e+05   -2.07110e+05    3.22055e+02   -2.93997e+02
 Pressure (bar)   Constr. rmsd
    2.87488e+02    1.12798e-05


DD  step 27499 load imb.: force  3.5%
           Step           Time
          27500       55.00000

   Energies (kJ/mol)
            U-B    Proper Dih.  Improper Dih.          LJ-14     Coulomb-14
    6.19526e+04   -2.52693e+04    4.11065e+02    4.10983e+03   -1.08130e+05
        LJ (SR)  Disper. corr.   Coulomb (SR)   Coul. recip.      Potential
    1.05043e+04   -7.79117e+03   -3.58098e+05    4.43430e+03   -4.17877e+05
    Kinetic En.   Total Energy  Conserved En.    Temperature Pres. DC (bar)
    1.20838e+05   -2.97039e+05   -2.06839e+05    3.24562e+02   -2.95280e+02
 Pressure (bar)   Constr. rmsd
   -2.23257e+02    1.15854e-05


DD  step 27999 load imb.: force  2.9%
           Step           Time
          28000       56.00000

   Energies (kJ/mol)
            U-B    Proper Dih.  Improper Dih.          LJ-14     Coulomb-14
    6.24558e+04   -2.47935e+04    3.87393e+02    4.18798e+03   -1.08012e+05
        LJ (SR)  Disper. corr.   Coulomb (SR)   Coul. recip.      Potential
    1.07437e+04   -7.77930e+03   -3.59418e+05    4.44895e+03   -4.17779e+05
    Kinetic En.   Total Energy  Conserved En.    Temperature Pres. DC (bar)
    1.19003e+05   -2.98775e+05   -2.06103e+05    3.19636e+02   -2.94383e+02
 Pressure (bar)   Constr. rmsd
   -1.56738e+02    1.16721e-05


DD  step 28499 load imb.: force  4.0%
           Step           Time
          28500       57.00000

   Energies (kJ/mol)
            U-B    Proper Dih.  Improper Dih.          LJ-14     Coulomb-14
    6.19593e+04   -2.54399e+04    4.91737e+02    4.11687e+03   -1.08142e+05
        LJ (SR)  Disper. corr.   Coulomb (SR)   Coul. recip.      Potential
    1.10273e+04   -7.77108e+03   -3.60005e+05    4.39779e+03   -4.19365e+05
    Kinetic En.   Total Energy  Conserved En.    Temperature Pres. DC (bar)
    1.19092e+05   -3.00273e+05   -2.06037e+05    3.19874e+02   -2.93762e+02
 Pressure (bar)   Constr. rmsd
   -3.54415e+01    1.14095e-05


DD  step 28999 load imb.: force  5.6%
           Step           Time
          29000       58.00000

   Energies (kJ/mol)
            U-B    Proper Dih.  Improper Dih.          LJ-14     Coulomb-14
    6.26190e+04   -2.51003e+04    5.03210e+02    4.23865e+03   -1.08448e+05
        LJ (SR)  Disper. corr.   Coulomb (SR)   Coul. recip.      Potential
    1.01794e+04   -7.83665e+03   -3.58284e+05    4.44775e+03   -4.17681e+05
    Kinetic En.   Total Energy  Conserved En.    Temperature Pres. DC (bar)
    1.20164e+05   -2.97516e+05   -2.05980e+05    3.22755e+02   -2.98734e+02
 Pressure (bar)   Constr. rmsd
    1.39615e+02    1.13225e-05


DD  step 29499 load imb.: force  4.3%
           Step           Time
          29500       59.00000

   Energies (kJ/mol)
            U-B    Proper Dih.  Improper Dih.          LJ-14     Coulomb-14
    6.23495e+04   -2.49391e+04    4.52033e+02    4.25455e+03   -1.08158e+05
        LJ (SR)  Disper. corr.   Coulomb (SR)   Coul. recip.      Potential
    1.04422e+04   -7.79911e+03   -3.58624e+05    4.50175e+03   -4.17520e+05
    Kinetic En.   Total Energy  Conserved En.    Temperature Pres. DC (bar)
    1.19160e+05   -2.98361e+05   -2.05658e+05    3.20055e+02   -2.95882e+02
 Pressure (bar)   Constr. rmsd
    6.98408e+01    1.12900e-05


DD  step 29999 load imb.: force  2.4%
           Step           Time
          30000       60.00000

   Energies (kJ/mol)
            U-B    Proper Dih.  Improper Dih.          LJ-14     Coulomb-14
    6.15154e+04   -2.52471e+04    4.70807e+02    4.26089e+03   -1.08293e+05
        LJ (SR)  Disper. corr.   Coulomb (SR)   Coul. recip.      Potential
    1.10845e+04   -7.78584e+03   -3.59988e+05    4.43649e+03   -4.19546e+05
    Kinetic En.   Total Energy  Conserved En.    Temperature Pres. DC (bar)
    1.19306e+05   -3.00240e+05   -2.05536e+05    3.20449e+02   -2.94878e+02
 Pressure (bar)   Constr. rmsd
    2.03513e+02    1.10670e-05


DD  step 30499 load imb.: force  2.5%
           Step           Time
          30500       61.00000

   Energies (kJ/mol)
            U-B    Proper Dih.  Improper Dih.          LJ-14     Coulomb-14
    6.23401e+04   -2.50804e+04    4.04982e+02    4.20276e+03   -1.08609e+05
        LJ (SR)  Disper. corr.   Coulomb (SR)   Coul. recip.      Potential
    9.75957e+03   -7.81957e+03   -3.57195e+05    4.51278e+03   -4.17483e+05
    Kinetic En.   Total Energy  Conserved En.    Temperature Pres. DC (bar)
    1.19263e+05   -2.98220e+05   -2.05060e+05    3.20334e+02   -2.97435e+02
 Pressure (bar)   Constr. rmsd
   -1.10358e+02    1.12058e-05


DD  step 30999 load imb.: force  4.7%
           Step           Time
          31000       62.00000

   Energies (kJ/mol)
            U-B    Proper Dih.  Improper Dih.          LJ-14     Coulomb-14
    6.23637e+04   -2.52149e+04    4.70787e+02    4.12846e+03   -1.08474e+05
        LJ (SR)  Disper. corr.   Coulomb (SR)   Coul. recip.      Potential
    1.11446e+04   -7.82513e+03   -3.58981e+05    4.42727e+03   -4.17960e+05
    Kinetic En.   Total Energy  Conserved En.    Temperature Pres. DC (bar)
    1.20832e+05   -2.97129e+05   -2.04734e+05    3.24546e+02   -2.97857e+02
 Pressure (bar)   Constr. rmsd
    2.34318e+01    1.14530e-05


DD  step 31499 load imb.: force  2.6%
           Step           Time
          31500       63.00000

   Energies (kJ/mol)
            U-B    Proper Dih.  Improper Dih.          LJ-14     Coulomb-14
    6.25623e+04   -2.50816e+04    4.63881e+02    4.17543e+03   -1.08267e+05
        LJ (SR)  Disper. corr.   Coulomb (SR)   Coul. recip.      Potential
    1.04723e+04   -7.79664e+03   -3.58561e+05    4.44099e+03   -4.17591e+05
    Kinetic En.   Total Energy  Conserved En.    Temperature Pres. DC (bar)
    1.20586e+05   -2.97005e+05   -2.04620e+05    3.23888e+02   -2.95695e+02
 Pressure (bar)   Constr. rmsd
    1.51273e+02    1.13476e-05


DD  step 31999 load imb.: force  5.2%
           Step           Time
          32000       64.00000

   Energies (kJ/mol)
            U-B    Proper Dih.  Improper Dih.          LJ-14     Coulomb-14
    6.27639e+04   -2.51327e+04    5.01066e+02    4.16590e+03   -1.08493e+05
        LJ (SR)  Disper. corr.   Coulomb (SR)   Coul. recip.      Potential
    1.02898e+04   -7.82995e+03   -3.58344e+05    4.41484e+03   -4.17664e+05
    Kinetic En.   Total Energy  Conserved En.    Temperature Pres. DC (bar)
    1.21999e+05   -2.95665e+05   -2.04532e+05    3.27681e+02   -2.98224e+02
 Pressure (bar)   Constr. rmsd
    1.92507e+01    1.16083e-05


DD  step 32499 load imb.: force  3.9%
           Step           Time
          32500       65.00000

   Energies (kJ/mol)
            U-B    Proper Dih.  Improper Dih.          LJ-14     Coulomb-14
    6.22041e+04   -2.54276e+04    4.58949e+02    4.07618e+03   -1.08424e+05
        LJ (SR)  Disper. corr.   Coulomb (SR)   Coul. recip.      Potential
    1.02296e+04   -7.80778e+03   -3.59537e+05    4.44138e+03   -4.19786e+05
    Kinetic En.   Total Energy  Conserved En.    Temperature Pres. DC (bar)
    1.19868e+05   -2.99918e+05   -2.04530e+05    3.21958e+02   -2.96539e+02
 Pressure (bar)   Constr. rmsd
   -1.54993e+02    1.11562e-05


DD  step 32999 load imb.: force  4.8%
           Step           Time
          33000       66.00000

   Energies (kJ/mol)
            U-B    Proper Dih.  Improper Dih.          LJ-14     Coulomb-14
    6.21476e+04   -2.52361e+04    4.21627e+02    4.07419e+03   -1.08417e+05
        LJ (SR)  Disper. corr.   Coulomb (SR)   Coul. recip.      Potential
    1.01620e+04   -7.83705e+03   -3.59864e+05    4.34397e+03   -4.20205e+05
    Kinetic En.   Total Energy  Conserved En.    Temperature Pres. DC (bar)
    1.20642e+05   -2.99562e+05   -2.04400e+05    3.24038e+02   -2.98764e+02
 Pressure (bar)   Constr. rmsd
   -2.77325e+02    1.16662e-05


DD  step 33499 load imb.: force  3.6%
           Step           Time
          33500       67.00000

   Energies (kJ/mol)
            U-B    Proper Dih.  Improper Dih.          LJ-14     Coulomb-14
    6.25766e+04   -2.53603e+04    4.40856e+02    3.94507e+03   -1.08435e+05
        LJ (SR)  Disper. corr.   Coulomb (SR)   Coul. recip.      Potential
    9.91187e+03   -7.82478e+03   -3.58620e+05    4.25535e+03   -4.19110e+05
    Kinetic En.   Total Energy  Conserved En.    Temperature Pres. DC (bar)
    1.20290e+05   -2.98820e+05   -2.04168e+05    3.23092e+02   -2.97831e+02
 Pressure (bar)   Constr. rmsd
    2.41927e+02    1.21121e-05


DD  step 33999 load imb.: force  5.1%
           Step           Time
          34000       68.00000

   Energies (kJ/mol)
            U-B    Proper Dih.  Improper Dih.          LJ-14     Coulomb-14
    6.25295e+04   -2.51267e+04    4.87692e+02    4.01363e+03   -1.08462e+05
        LJ (SR)  Disper. corr.   Coulomb (SR)   Coul. recip.      Potential
    9.46016e+03   -7.87154e+03   -3.58526e+05    4.50825e+03   -4.18987e+05
    Kinetic En.   Total Energy  Conserved En.    Temperature Pres. DC (bar)
    1.20331e+05   -2.98656e+05   -2.04027e+05    3.23202e+02   -3.01397e+02
 Pressure (bar)   Constr. rmsd
    1.59864e+02    1.10030e-05


DD  step 34499 load imb.: force  2.8%
           Step           Time
          34500       69.00000

   Energies (kJ/mol)
            U-B    Proper Dih.  Improper Dih.          LJ-14     Coulomb-14
    6.22558e+04   -2.51799e+04    4.49316e+02    4.14319e+03   -1.08774e+05
        LJ (SR)  Disper. corr.   Coulomb (SR)   Coul. recip.      Potential
    1.06896e+04   -7.86863e+03   -3.58828e+05    4.32337e+03   -4.18789e+05
    Kinetic En.   Total Energy  Conserved En.    Temperature Pres. DC (bar)
    1.19698e+05   -2.99091e+05   -2.03935e+05    3.21501e+02   -3.01175e+02
 Pressure (bar)   Constr. rmsd
    1.50507e+02    1.10246e-05


DD  step 34999 load imb.: force  3.9%
           Step           Time
          35000       70.00000

   Energies (kJ/mol)
            U-B    Proper Dih.  Improper Dih.          LJ-14     Coulomb-14
    6.19857e+04   -2.53039e+04    3.63076e+02    4.16621e+03   -1.08707e+05
        LJ (SR)  Disper. corr.   Coulomb (SR)   Coul. recip.      Potential
    1.02405e+04   -7.81050e+03   -3.58662e+05    4.44983e+03   -4.19278e+05
    Kinetic En.   Total Energy  Conserved En.    Temperature Pres. DC (bar)
    1.19458e+05   -2.99820e+05   -2.03805e+05    3.20857e+02   -2.96746e+02
 Pressure (bar)   Constr. rmsd
   -5.36652e+01    1.14226e-05


DD  step 35499 load imb.: force  3.7%
           Step           Time
          35500       71.00000

   Energies (kJ/mol)
            U-B    Proper Dih.  Improper Dih.          LJ-14     Coulomb-14
    6.19218e+04   -2.54894e+04    4.31377e+02    4.15610e+03   -1.08445e+05
        LJ (SR)  Disper. corr.   Coulomb (SR)   Coul. recip.      Potential
    1.02354e+04   -7.87018e+03   -3.59785e+05    4.40925e+03   -4.20436e+05
    Kinetic En.   Total Energy  Conserved En.    Temperature Pres. DC (bar)
    1.20984e+05   -2.99451e+05   -2.03489e+05    3.24957e+02   -3.01293e+02
 Pressure (bar)   Constr. rmsd
    3.19752e+01    1.11559e-05


DD  step 35999 load imb.: force  2.6%
           Step           Time
          36000       72.00000

   Energies (kJ/mol)
            U-B    Proper Dih.  Improper Dih.          LJ-14     Coulomb-14
    6.22826e+04   -2.52764e+04    4.67424e+02    4.21447e+03   -1.08596e+05
        LJ (SR)  Disper. corr.   Coulomb (SR)   Coul. recip.      Potential
    1.02042e+04   -7.87477e+03   -3.59838e+05    4.38828e+03   -4.20029e+05
    Kinetic En.   Total Energy  Conserved En.    Temperature Pres. DC (bar)
    1.19374e+05   -3.00655e+05   -2.03298e+05    3.20633e+02   -3.01644e+02
 Pressure (bar)   Constr. rmsd
    1.91695e+02    1.13796e-05


DD  step 36499 load imb.: force  6.2%
           Step           Time
          36500       73.00000

   Energies (kJ/mol)
            U-B    Proper Dih.  Improper Dih.          LJ-14     Coulomb-14
    6.23609e+04   -2.51408e+04    4.52203e+02    4.17819e+03   -1.08282e+05
        LJ (SR)  Disper. corr.   Coulomb (SR)   Coul. recip.      Potential
    9.50965e+03   -7.85684e+03   -3.59510e+05    4.41743e+03   -4.19871e+05
    Kinetic En.   Total Energy  Conserved En.    Temperature Pres. DC (bar)
    1.20126e+05   -2.99745e+05   -2.03242e+05    3.22651e+02   -3.00274e+02
 Pressure (bar)   Constr. rmsd
    7.90592e+01    1.12577e-05


DD  step 36999 load imb.: force  2.5%
           Step           Time
          37000       74.00000

   Energies (kJ/mol)
            U-B    Proper Dih.  Improper Dih.          LJ-14     Coulomb-14
    6.22358e+04   -2.54288e+04    4.27684e+02    4.23009e+03   -1.08334e+05
        LJ (SR)  Disper. corr.   Coulomb (SR)   Coul. recip.      Potential
    1.01416e+04   -7.83192e+03   -3.60113e+05    4.45586e+03   -4.20217e+05
    Kinetic En.   Total Energy  Conserved En.    Temperature Pres. DC (bar)
    1.19842e+05   -3.00374e+05   -2.03100e+05    3.21890e+02   -2.98374e+02
 Pressure (bar)   Constr. rmsd
   -2.78395e+01    1.17326e-05


DD  step 37499 load imb.: force  2.3%
           Step           Time
          37500       75.00000

   Energies (kJ/mol)
            U-B    Proper Dih.  Improper Dih.          LJ-14     Coulomb-14
    6.22382e+04   -2.54472e+04    3.81215e+02    4.18597e+03   -1.08253e+05
        LJ (SR)  Disper. corr.   Coulomb (SR)   Coul. recip.      Potential
    1.11230e+04   -7.79989e+03   -3.59627e+05    4.49549e+03   -4.18703e+05
    Kinetic En.   Total Energy  Conserved En.    Temperature Pres. DC (bar)
    1.21151e+05   -2.97552e+05   -2.02906e+05    3.25404e+02   -2.95941e+02
 Pressure (bar)   Constr. rmsd
    3.72040e+02    1.14120e-05


DD  step 37999 load imb.: force  3.8%
           Step           Time
          38000       76.00000

   Energies (kJ/mol)
            U-B    Proper Dih.  Improper Dih.          LJ-14     Coulomb-14
    6.17910e+04   -2.51383e+04    4.35599e+02    4.33342e+03   -1.08262e+05
        LJ (SR)  Disper. corr.   Coulomb (SR)   Coul. recip.      Potential
    1.01001e+04   -7.80441e+03   -3.57643e+05    4.49227e+03   -4.17695e+05
    Kinetic En.   Total Energy  Conserved En.    Temperature Pres. DC (bar)
    1.21253e+05   -2.96442e+05   -2.02991e+05    3.25679e+02   -2.96284e+02
 Pressure (bar)   Constr. rmsd
    1.87522e+02    1.18236e-05


DD  step 38499 load imb.: force  6.1%
           Step           Time
          38500       77.00000

   Energies (kJ/mol)
            U-B    Proper Dih.  Improper Dih.          LJ-14     Coulomb-14
    6.26348e+04   -2.52494e+04    4.82002e+02    4.16936e+03   -1.08290e+05
        LJ (SR)  Disper. corr.   Coulomb (SR)   Coul. recip.      Potential
    1.00431e+04   -7.86160e+03   -3.58778e+05    4.47627e+03   -4.18374e+05
    Kinetic En.   Total Energy  Conserved En.    Temperature Pres. DC (bar)
    1.20217e+05   -2.98156e+05   -2.03016e+05    3.22897e+02   -3.00637e+02
 Pressure (bar)   Constr. rmsd
    2.96998e+02    1.10861e-05


DD  step 38999 load imb.: force  9.5%
           Step           Time
          39000       78.00000

   Energies (kJ/mol)
            U-B    Proper Dih.  Improper Dih.          LJ-14     Coulomb-14
    6.24614e+04   -2.53802e+04    4.19810e+02    4.23837e+03   -1.08588e+05
        LJ (SR)  Disper. corr.   Coulomb (SR)   Coul. recip.      Potential
    1.21396e+04   -7.87879e+03   -3.62213e+05    4.39956e+03   -4.20401e+05
    Kinetic En.   Total Energy  Conserved En.    Temperature Pres. DC (bar)
    1.19354e+05   -3.01047e+05   -2.02915e+05    3.20578e+02   -3.01952e+02
 Pressure (bar)   Constr. rmsd
    2.98126e+02    1.15822e-05


DD  step 39499 load imb.: force  7.5%
           Step           Time
          39500       79.00000

   Energies (kJ/mol)
            U-B    Proper Dih.  Improper Dih.          LJ-14     Coulomb-14
    6.30114e+04   -2.52660e+04    4.39916e+02    4.13571e+03   -1.08538e+05
        LJ (SR)  Disper. corr.   Coulomb (SR)   Coul. recip.      Potential
    9.53600e+03   -7.84597e+03   -3.58991e+05    4.51608e+03   -4.19003e+05
    Kinetic En.   Total Energy  Conserved En.    Temperature Pres. DC (bar)
    1.19626e+05   -2.99376e+05   -2.02955e+05    3.21309e+02   -2.99444e+02
 Pressure (bar)   Constr. rmsd
   -1.63343e+02    1.14450e-05


DD  step 39999 load imb.: force  3.1%
           Step           Time
          40000       80.00000

   Energies (kJ/mol)
            U-B    Proper Dih.  Improper Dih.          LJ-14     Coulomb-14
    6.30290e+04   -2.52772e+04    4.89622e+02    4.17186e+03   -1.08418e+05
        LJ (SR)  Disper. corr.   Coulomb (SR)   Coul. recip.      Potential
    1.03904e+04   -7.86912e+03   -3.59722e+05    4.41219e+03   -4.18793e+05
    Kinetic En.   Total Energy  Conserved En.    Temperature Pres. DC (bar)
    1.20484e+05   -2.98310e+05   -2.02863e+05    3.23612e+02   -3.01212e+02
 Pressure (bar)   Constr. rmsd
    1.00901e+02    1.09263e-05


DD  step 40499 load imb.: force  2.6%
           Step           Time
          40500       81.00000

   Energies (kJ/mol)
            U-B    Proper Dih.  Improper Dih.          LJ-14     Coulomb-14
    6.20109e+04   -2.54523e+04    4.62094e+02    4.18235e+03   -1.08649e+05
        LJ (SR)  Disper. corr.   Coulomb (SR)   Coul. recip.      Potential
    1.09622e+04   -7.85131e+03   -3.60336e+05    4.36289e+03   -4.20308e+05
    Kinetic En.   Total Energy  Conserved En.    Temperature Pres. DC (bar)
    1.20056e+05   -3.00252e+05   -2.02652e+05    3.22463e+02   -2.99851e+02
 Pressure (bar)   Constr. rmsd
    2.86200e+02    1.13758e-05


DD  step 40999 load imb.: force  3.8%
           Step           Time
          41000       82.00000

   Energies (kJ/mol)
            U-B    Proper Dih.  Improper Dih.          LJ-14     Coulomb-14
    6.22559e+04   -2.53773e+04    4.11521e+02    4.20415e+03   -1.08877e+05
        LJ (SR)  Disper. corr.   Coulomb (SR)   Coul. recip.      Potential
    1.01206e+04   -7.84879e+03   -3.59213e+05    4.46959e+03   -4.19855e+05
    Kinetic En.   Total Energy  Conserved En.    Temperature Pres. DC (bar)
    1.20230e+05   -2.99625e+05   -2.02269e+05    3.22930e+02   -2.99659e+02
 Pressure (bar)   Constr. rmsd
    3.08896e+02    1.13501e-05


DD  step 41499 load imb.: force  2.4%
           Step           Time
          41500       83.00000

   Energies (kJ/mol)
            U-B    Proper Dih.  Improper Dih.          LJ-14     Coulomb-14
    6.18381e+04   -2.57578e+04    4.18582e+02    4.13058e+03   -1.08381e+05
        LJ (SR)  Disper. corr.   Coulomb (SR)   Coul. recip.      Potential
    1.08037e+04   -7.80795e+03   -3.59765e+05    4.37364e+03   -4.20148e+05
    Kinetic En.   Total Energy  Conserved En.    Temperature Pres. DC (bar)
    1.19840e+05   -3.00307e+05   -2.02303e+05    3.21883e+02   -2.96552e+02
 Pressure (bar)   Constr. rmsd
   -7.50186e+01    1.13071e-05


DD  step 41999 load imb.: force  2.9%
           Step           Time
          42000       84.00000

   Energies (kJ/mol)
            U-B    Proper Dih.  Improper Dih.          LJ-14     Coulomb-14
    6.24477e+04   -2.52752e+04    3.97129e+02    4.05196e+03   -1.08591e+05
        LJ (SR)  Disper. corr.   Coulomb (SR)   Coul. recip.      Potential
    9.22869e+03   -7.86807e+03   -3.59388e+05    4.47861e+03   -4.20518e+05
    Kinetic En.   Total Energy  Conserved En.    Temperature Pres. DC (bar)
    1.20551e+05   -2.99967e+05   -2.02029e+05    3.23793e+02   -3.01132e+02
 Pressure (bar)   Constr. rmsd
   -3.52227e+02    1.13905e-05


DD  step 42499 load imb.: force  4.0%
           Step           Time
          42500       85.00000

   Energies (kJ/mol)
            U-B    Proper Dih.  Improper Dih.          LJ-14     Coulomb-14
    6.25768e+04   -2.55488e+04    4.83455e+02    4.09369e+03   -1.08566e+05
        LJ (SR)  Disper. corr.   Coulomb (SR)   Coul. recip.      Potential
    1.00582e+04   -7.80944e+03   -3.58134e+05    4.42055e+03   -4.18426e+05
    Kinetic En.   Total Energy  Conserved En.    Temperature Pres. DC (bar)
    1.20860e+05   -2.97566e+05   -2.01660e+05    3.24622e+02   -2.96666e+02
 Pressure (bar)   Constr. rmsd
   -1.10537e+01    1.16602e-05


DD  step 42999 load imb.: force  2.5%
           Step           Time
          43000       86.00000

   Energies (kJ/mol)
            U-B    Proper Dih.  Improper Dih.          LJ-14     Coulomb-14
    6.21167e+04   -2.52361e+04    4.52073e+02    4.12801e+03   -1.08466e+05
        LJ (SR)  Disper. corr.   Coulomb (SR)   Coul. recip.      Potential
    9.27318e+03   -7.83446e+03   -3.58415e+05    4.36281e+03   -4.19619e+05
    Kinetic En.   Total Energy  Conserved En.    Temperature Pres. DC (bar)
    1.19365e+05   -3.00254e+05   -2.01703e+05    3.20608e+02   -2.98568e+02
 Pressure (bar)   Constr. rmsd
   -1.72487e+01    1.10223e-05


DD  step 43499 load imb.: force  4.8%
           Step           Time
          43500       87.00000

   Energies (kJ/mol)
            U-B    Proper Dih.  Improper Dih.          LJ-14     Coulomb-14
    6.16988e+04   -2.51380e+04    4.69556e+02    4.21754e+03   -1.08448e+05
        LJ (SR)  Disper. corr.   Coulomb (SR)   Coul. recip.      Potential
    1.03912e+04   -7.87280e+03   -3.60894e+05    4.47407e+03   -4.21102e+05
    Kinetic En.   Total Energy  Conserved En.    Temperature Pres. DC (bar)
    1.20660e+05   -3.00443e+05   -2.01750e+05    3.24084e+02   -3.01493e+02
 Pressure (bar)   Constr. rmsd
    2.71153e+02    1.13826e-05


DD  step 43999 load imb.: force  2.4%
           Step           Time
          44000       88.00000

   Energies (kJ/mol)
            U-B    Proper Dih.  Improper Dih.          LJ-14     Coulomb-14
    6.19114e+04   -2.53866e+04    4.65265e+02    4.10924e+03   -1.08617e+05
        LJ (SR)  Disper. corr.   Coulomb (SR)   Coul. recip.      Potential
    9.76062e+03   -7.85101e+03   -3.59068e+05    4.54029e+03   -4.20136e+05
    Kinetic En.   Total Energy  Conserved En.    Temperature Pres. DC (bar)
    1.20211e+05   -2.99925e+05   -2.01676e+05    3.22881e+02   -2.99829e+02
 Pressure (bar)   Constr. rmsd
   -5.05719e+01    1.17668e-05

